2024-11-28T12:08:12.663159+0100 INFO Iterazione 0, Loss: 0.6931
2024-11-28T12:12:07.261070+0100 INFO Iterazione 0, Loss: 0.6931
2024-11-28T12:12:20.690400+0100 INFO Iterazione 0, Loss: 0.6931
2024-11-28T12:13:00.042031+0100 INFO Iterazione 0, Loss: 0.6931
2024-11-28T12:13:56.444932+0100 INFO Iterazione 0, Loss: 0.6931
2024-11-28T12:16:50.684453+0100 INFO Iterazione 0, Loss: 0.6931
2024-11-28T12:19:46.029601+0100 INFO Iterazione 0, Loss: 0.6931
2024-11-28T12:19:46.091159+0100 INFO Iterazione 10, Loss: 0.6931
2024-11-28T12:19:46.156204+0100 INFO Iterazione 20, Loss: 0.6931
2024-11-28T12:19:46.223030+0100 INFO Iterazione 30, Loss: 0.6931
2024-11-28T12:19:46.290682+0100 INFO Iterazione 40, Loss: 0.6931
2024-11-28T12:19:46.359226+0100 INFO Iterazione 50, Loss: 0.6931
2024-11-28T12:19:46.428723+0100 INFO Iterazione 60, Loss: 0.6931
2024-11-28T12:19:46.498594+0100 INFO Iterazione 70, Loss: 0.6931
2024-11-28T12:19:46.569830+0100 INFO Iterazione 80, Loss: 0.6931
2024-11-28T12:19:46.641307+0100 INFO Iterazione 90, Loss: 0.6931
2024-11-28T12:19:46.712437+0100 INFO Iterazione 100, Loss: 0.6931
2024-11-28T12:19:46.783944+0100 INFO Iterazione 110, Loss: 0.6931
2024-11-28T12:19:46.855016+0100 INFO Iterazione 120, Loss: 0.6931
2024-11-28T12:19:46.926074+0100 INFO Iterazione 130, Loss: 0.6931
2024-11-28T12:24:06.042727+0100 INFO Epoch 1/30 started.
2024-11-28T12:24:06.864039+0100 INFO Iterazione 0, Loss: 0.6931
2024-11-28T12:24:06.925953+0100 INFO Iterazione 10, Loss: 0.6931
2024-11-28T12:24:06.990191+0100 INFO Iterazione 20, Loss: 0.6931
2024-11-28T12:24:07.055829+0100 INFO Iterazione 30, Loss: 0.6931
2024-11-28T12:24:07.123308+0100 INFO Iterazione 40, Loss: 0.6931
2024-11-28T12:24:07.190555+0100 INFO Iterazione 50, Loss: 0.6931
2024-11-28T12:24:07.258405+0100 INFO Iterazione 60, Loss: 0.6931
2024-11-28T12:24:07.326602+0100 INFO Iterazione 70, Loss: 0.6931
2024-11-28T12:24:07.394768+0100 INFO Iterazione 80, Loss: 0.6931
2024-11-28T12:24:07.465058+0100 INFO Iterazione 90, Loss: 0.6931
2024-11-28T12:24:07.535110+0100 INFO Iterazione 100, Loss: 0.6931
2024-11-28T12:24:07.605047+0100 INFO Iterazione 110, Loss: 0.6931
2024-11-28T12:24:07.676173+0100 INFO Iterazione 120, Loss: 0.6931
2024-11-28T12:24:07.749956+0100 INFO Iterazione 130, Loss: 0.6931
2024-11-28T12:24:07.758697+0100 INFO Epoch 1/30 completed.
2024-11-28T12:24:07.759105+0100 INFO Epoch 2/30 started.
2024-11-28T12:24:07.767242+0100 INFO Iterazione 0, Loss: 0.6931
2024-11-28T12:24:07.842787+0100 INFO Iterazione 10, Loss: 0.6931
2024-11-28T12:24:07.919187+0100 INFO Iterazione 20, Loss: 0.6931
2024-11-28T12:24:07.997049+0100 INFO Iterazione 30, Loss: 0.6931
2024-11-28T12:24:08.078094+0100 INFO Iterazione 40, Loss: 0.6931
2024-11-28T12:24:08.156983+0100 INFO Iterazione 50, Loss: 0.6931
2024-11-28T12:24:08.236252+0100 INFO Iterazione 60, Loss: 0.6931
2024-11-28T12:24:08.315171+0100 INFO Iterazione 70, Loss: 0.6931
2024-11-28T12:24:08.393914+0100 INFO Iterazione 80, Loss: 0.6931
2024-11-28T12:24:08.472520+0100 INFO Iterazione 90, Loss: 0.6931
2024-11-28T12:24:08.551338+0100 INFO Iterazione 100, Loss: 0.6931
2024-11-28T12:24:08.628843+0100 INFO Iterazione 110, Loss: 0.6931
2024-11-28T12:24:08.707321+0100 INFO Iterazione 120, Loss: 0.6931
2024-11-28T12:24:08.785028+0100 INFO Iterazione 130, Loss: 0.6931
2024-11-28T12:24:08.793665+0100 INFO Epoch 2/30 completed.
2024-11-28T12:24:08.794095+0100 INFO Epoch 3/30 started.
2024-11-28T12:24:08.802569+0100 INFO Iterazione 0, Loss: 0.6931
2024-11-28T12:24:08.879442+0100 INFO Iterazione 10, Loss: 0.6931
2024-11-28T12:24:08.956113+0100 INFO Iterazione 20, Loss: 0.6931
2024-11-28T12:24:09.034214+0100 INFO Iterazione 30, Loss: 0.6931
2024-11-28T12:24:09.111246+0100 INFO Iterazione 40, Loss: 0.6931
2024-11-28T12:24:09.188002+0100 INFO Iterazione 50, Loss: 0.6931
2024-11-28T12:24:09.264673+0100 INFO Iterazione 60, Loss: 0.6931
2024-11-28T12:24:09.341534+0100 INFO Iterazione 70, Loss: 0.6931
2024-11-28T12:24:09.418592+0100 INFO Iterazione 80, Loss: 0.6931
2024-11-28T12:24:09.497135+0100 INFO Iterazione 90, Loss: 0.6931
2024-11-28T12:24:09.572345+0100 INFO Iterazione 100, Loss: 0.6931
2024-11-28T12:24:09.647495+0100 INFO Iterazione 110, Loss: 0.6931
2024-11-28T12:24:09.722477+0100 INFO Iterazione 120, Loss: 0.6931
2024-11-28T12:24:09.795460+0100 INFO Iterazione 130, Loss: 0.6931
2024-11-28T12:24:09.803881+0100 INFO Epoch 3/30 completed.
2024-11-28T12:24:09.804287+0100 INFO Epoch 4/30 started.
2024-11-28T12:24:09.812477+0100 INFO Iterazione 0, Loss: 0.6931
2024-11-28T12:24:09.885910+0100 INFO Iterazione 10, Loss: 0.6931
2024-11-28T12:24:09.958879+0100 INFO Iterazione 20, Loss: 0.6931
2024-11-28T12:24:10.032605+0100 INFO Iterazione 30, Loss: 0.6931
2024-11-28T12:24:10.106540+0100 INFO Iterazione 40, Loss: 0.6931
2024-11-28T12:24:10.184052+0100 INFO Iterazione 50, Loss: 0.6931
2024-11-28T12:24:10.259265+0100 INFO Iterazione 60, Loss: 0.6931
2024-11-28T12:24:10.333810+0100 INFO Iterazione 70, Loss: 0.6931
2024-11-28T12:24:10.410135+0100 INFO Iterazione 80, Loss: 0.6931
2024-11-28T12:24:10.485596+0100 INFO Iterazione 90, Loss: 0.6931
2024-11-28T12:24:10.560621+0100 INFO Iterazione 100, Loss: 0.6931
2024-11-28T12:24:10.635413+0100 INFO Iterazione 110, Loss: 0.6931
2024-11-28T12:24:10.712620+0100 INFO Iterazione 120, Loss: 0.6931
2024-11-28T12:24:10.785815+0100 INFO Iterazione 130, Loss: 0.6931
2024-11-28T12:24:10.794295+0100 INFO Epoch 4/30 completed.
2024-11-28T12:24:10.794717+0100 INFO Epoch 5/30 started.
2024-11-28T12:24:10.803057+0100 INFO Iterazione 0, Loss: 0.6931
2024-11-28T12:24:10.876483+0100 INFO Iterazione 10, Loss: 0.6931
2024-11-28T12:24:10.949200+0100 INFO Iterazione 20, Loss: 0.6931
2024-11-28T12:24:11.021657+0100 INFO Iterazione 30, Loss: 0.6931
2024-11-28T12:24:11.095187+0100 INFO Iterazione 40, Loss: 0.6931
2024-11-28T12:24:11.168506+0100 INFO Iterazione 50, Loss: 0.6931
2024-11-28T12:24:11.241953+0100 INFO Iterazione 60, Loss: 0.6931
2024-11-28T12:24:11.316745+0100 INFO Iterazione 70, Loss: 0.6931
2024-11-28T12:24:11.392170+0100 INFO Iterazione 80, Loss: 0.6931
2024-11-28T12:24:11.465815+0100 INFO Iterazione 90, Loss: 0.6931
2024-11-28T12:24:11.537837+0100 INFO Iterazione 100, Loss: 0.6931
2024-11-28T12:24:11.607795+0100 INFO Iterazione 110, Loss: 0.6931
2024-11-28T12:24:11.677814+0100 INFO Iterazione 120, Loss: 0.6931
2024-11-28T12:24:11.747758+0100 INFO Iterazione 130, Loss: 0.6931
2024-11-28T12:24:11.755906+0100 INFO Epoch 5/30 completed.
2024-11-28T12:24:11.756304+0100 INFO Epoch 6/30 started.
2024-11-28T12:24:11.764230+0100 INFO Iterazione 0, Loss: 0.6931
2024-11-28T12:24:11.834243+0100 INFO Iterazione 10, Loss: 0.6931
2024-11-28T12:24:11.904577+0100 INFO Iterazione 20, Loss: 0.6931
2024-11-28T12:24:11.975038+0100 INFO Iterazione 30, Loss: 0.6931
2024-11-28T12:24:12.045538+0100 INFO Iterazione 40, Loss: 0.6931
2024-11-28T12:24:12.116040+0100 INFO Iterazione 50, Loss: 0.6931
2024-11-28T12:24:12.187217+0100 INFO Iterazione 60, Loss: 0.6931
2024-11-28T12:24:12.257438+0100 INFO Iterazione 70, Loss: 0.6931
2024-11-28T12:24:12.327723+0100 INFO Iterazione 80, Loss: 0.6931
2024-11-28T12:24:12.397690+0100 INFO Iterazione 90, Loss: 0.6931
2024-11-28T12:24:12.467625+0100 INFO Iterazione 100, Loss: 0.6931
2024-11-28T12:24:12.537421+0100 INFO Iterazione 110, Loss: 0.6931
2024-11-28T12:24:12.607536+0100 INFO Iterazione 120, Loss: 0.6931
2024-11-28T12:24:12.677422+0100 INFO Iterazione 130, Loss: 0.6931
2024-11-28T12:24:12.685482+0100 INFO Epoch 6/30 completed.
2024-11-28T12:24:12.685879+0100 INFO Epoch 7/30 started.
2024-11-28T12:24:12.693775+0100 INFO Iterazione 0, Loss: 0.6931
2024-11-28T12:24:12.763956+0100 INFO Iterazione 10, Loss: 0.6931
2024-11-28T12:24:12.833785+0100 INFO Iterazione 20, Loss: 0.6931
2024-11-28T12:24:12.903655+0100 INFO Iterazione 30, Loss: 0.6931
2024-11-28T12:24:12.973787+0100 INFO Iterazione 40, Loss: 0.6931
2024-11-28T12:24:13.043702+0100 INFO Iterazione 50, Loss: 0.6931
2024-11-28T12:24:13.115052+0100 INFO Iterazione 60, Loss: 0.6931
2024-11-28T12:24:13.189019+0100 INFO Iterazione 70, Loss: 0.6931
2024-11-28T12:24:13.261258+0100 INFO Iterazione 80, Loss: 0.6931
2024-11-28T12:24:13.333016+0100 INFO Iterazione 90, Loss: 0.6931
2024-11-28T12:24:13.404999+0100 INFO Iterazione 100, Loss: 0.6931
2024-11-28T12:24:13.476785+0100 INFO Iterazione 110, Loss: 0.6931
2024-11-28T12:24:13.548578+0100 INFO Iterazione 120, Loss: 0.6931
2024-11-28T12:24:13.620736+0100 INFO Iterazione 130, Loss: 0.6931
2024-11-28T12:24:13.629046+0100 INFO Epoch 7/30 completed.
2024-11-28T12:24:13.629446+0100 INFO Epoch 8/30 started.
2024-11-28T12:24:13.637512+0100 INFO Iterazione 0, Loss: 0.6931
2024-11-28T12:24:13.709557+0100 INFO Iterazione 10, Loss: 0.6931
2024-11-28T12:24:13.781773+0100 INFO Iterazione 20, Loss: 0.6931
2024-11-28T12:24:13.853531+0100 INFO Iterazione 30, Loss: 0.6931
2024-11-28T12:24:13.925389+0100 INFO Iterazione 40, Loss: 0.6931
2024-11-28T12:24:13.997215+0100 INFO Iterazione 50, Loss: 0.6931
2024-11-28T12:24:14.069202+0100 INFO Iterazione 60, Loss: 0.6931
2024-11-28T12:24:14.140974+0100 INFO Iterazione 70, Loss: 0.6931
2024-11-28T12:24:14.212857+0100 INFO Iterazione 80, Loss: 0.6931
2024-11-28T12:24:14.284855+0100 INFO Iterazione 90, Loss: 0.6931
2024-11-28T12:24:14.356532+0100 INFO Iterazione 100, Loss: 0.6931
2024-11-28T12:24:14.428071+0100 INFO Iterazione 110, Loss: 0.6931
2024-11-28T12:24:14.500266+0100 INFO Iterazione 120, Loss: 0.6931
2024-11-28T12:24:14.571901+0100 INFO Iterazione 130, Loss: 0.6931
2024-11-28T12:24:14.580201+0100 INFO Epoch 8/30 completed.
2024-11-28T12:24:14.580601+0100 INFO Epoch 9/30 started.
2024-11-28T12:24:14.588658+0100 INFO Iterazione 0, Loss: 0.6931
2024-11-28T12:24:14.660588+0100 INFO Iterazione 10, Loss: 0.6931
2024-11-28T12:24:14.732387+0100 INFO Iterazione 20, Loss: 0.6931
2024-11-28T12:24:14.804259+0100 INFO Iterazione 30, Loss: 0.6931
2024-11-28T12:24:14.874123+0100 INFO Iterazione 40, Loss: 0.6931
2024-11-28T12:24:14.937031+0100 INFO Iterazione 50, Loss: 0.6931
2024-11-28T12:24:15.007064+0100 INFO Iterazione 60, Loss: 0.6931
2024-11-28T12:24:15.077056+0100 INFO Iterazione 70, Loss: 0.6931
2024-11-28T12:24:15.147379+0100 INFO Iterazione 80, Loss: 0.6931
2024-11-28T12:24:15.217130+0100 INFO Iterazione 90, Loss: 0.6931
2024-11-28T12:24:15.287176+0100 INFO Iterazione 100, Loss: 0.6931
2024-11-28T12:24:15.357071+0100 INFO Iterazione 110, Loss: 0.6931
2024-11-28T12:24:15.427494+0100 INFO Iterazione 120, Loss: 0.6931
2024-11-28T12:24:15.497358+0100 INFO Iterazione 130, Loss: 0.6931
2024-11-28T12:24:15.505403+0100 INFO Epoch 9/30 completed.
2024-11-28T12:24:15.505788+0100 INFO Epoch 10/30 started.
2024-11-28T12:24:15.513629+0100 INFO Iterazione 0, Loss: 0.6931
2024-11-28T12:24:15.583676+0100 INFO Iterazione 10, Loss: 0.6931
2024-11-28T12:24:15.653969+0100 INFO Iterazione 20, Loss: 0.6931
2024-11-28T12:24:15.723747+0100 INFO Iterazione 30, Loss: 0.6931
2024-11-28T12:24:15.793851+0100 INFO Iterazione 40, Loss: 0.6931
2024-11-28T12:24:15.863622+0100 INFO Iterazione 50, Loss: 0.6931
2024-11-28T12:24:15.933564+0100 INFO Iterazione 60, Loss: 0.6931
2024-11-28T12:24:16.003333+0100 INFO Iterazione 70, Loss: 0.6931
2024-11-28T12:24:16.073344+0100 INFO Iterazione 80, Loss: 0.6931
2024-11-28T12:24:16.143057+0100 INFO Iterazione 90, Loss: 0.6931
2024-11-28T12:24:16.212925+0100 INFO Iterazione 100, Loss: 0.6931
2024-11-28T12:24:16.282509+0100 INFO Iterazione 110, Loss: 0.6931
2024-11-28T12:24:16.352427+0100 INFO Iterazione 120, Loss: 0.6931
2024-11-28T12:24:16.422487+0100 INFO Iterazione 130, Loss: 0.6931
2024-11-28T12:24:16.430397+0100 INFO Epoch 10/30 completed.
2024-11-28T12:24:16.430778+0100 INFO Epoch 11/30 started.
2024-11-28T12:24:16.438618+0100 INFO Iterazione 0, Loss: 0.6931
2024-11-28T12:24:16.508865+0100 INFO Iterazione 10, Loss: 0.6931
2024-11-28T12:24:16.579221+0100 INFO Iterazione 20, Loss: 0.6931
2024-11-28T12:24:16.649412+0100 INFO Iterazione 30, Loss: 0.6931
2024-11-28T12:24:16.719709+0100 INFO Iterazione 40, Loss: 0.6931
2024-11-28T12:24:16.789569+0100 INFO Iterazione 50, Loss: 0.6931
2024-11-28T12:24:16.859764+0100 INFO Iterazione 60, Loss: 0.6931
2024-11-28T12:24:16.929777+0100 INFO Iterazione 70, Loss: 0.6931
2024-11-28T12:24:16.999688+0100 INFO Iterazione 80, Loss: 0.6931
2024-11-28T12:24:17.069516+0100 INFO Iterazione 90, Loss: 0.6931
2024-11-28T12:24:17.139378+0100 INFO Iterazione 100, Loss: 0.6931
2024-11-28T12:24:17.208972+0100 INFO Iterazione 110, Loss: 0.6931
2024-11-28T12:24:17.278985+0100 INFO Iterazione 120, Loss: 0.6931
2024-11-28T12:24:17.348626+0100 INFO Iterazione 130, Loss: 0.6931
2024-11-28T12:24:17.356631+0100 INFO Epoch 11/30 completed.
2024-11-28T12:24:17.357021+0100 INFO Epoch 12/30 started.
2024-11-28T12:24:17.364868+0100 INFO Iterazione 0, Loss: 0.6931
2024-11-28T12:24:17.435036+0100 INFO Iterazione 10, Loss: 0.6931
2024-11-28T12:24:17.505131+0100 INFO Iterazione 20, Loss: 0.6931
2024-11-28T12:24:17.575021+0100 INFO Iterazione 30, Loss: 0.6931
2024-11-28T12:24:17.644973+0100 INFO Iterazione 40, Loss: 0.6931
2024-11-28T12:24:17.714643+0100 INFO Iterazione 50, Loss: 0.6931
2024-11-28T12:24:17.784569+0100 INFO Iterazione 60, Loss: 0.6931
2024-11-28T12:24:17.854256+0100 INFO Iterazione 70, Loss: 0.6931
2024-11-28T12:24:17.924053+0100 INFO Iterazione 80, Loss: 0.6931
2024-11-28T12:24:17.993830+0100 INFO Iterazione 90, Loss: 0.6931
2024-11-28T12:24:18.063483+0100 INFO Iterazione 100, Loss: 0.6931
2024-11-28T12:24:18.133332+0100 INFO Iterazione 110, Loss: 0.6931
2024-11-28T12:24:18.205290+0100 INFO Iterazione 120, Loss: 0.6931
2024-11-28T12:24:18.275198+0100 INFO Iterazione 130, Loss: 0.6931
2024-11-28T12:24:18.283233+0100 INFO Epoch 12/30 completed.
2024-11-28T12:24:18.283618+0100 INFO Epoch 13/30 started.
2024-11-28T12:24:18.291542+0100 INFO Iterazione 0, Loss: 0.6931
2024-11-28T12:24:18.361449+0100 INFO Iterazione 10, Loss: 0.6931
2024-11-28T12:24:18.432049+0100 INFO Iterazione 20, Loss: 0.6931
2024-11-28T12:24:18.501737+0100 INFO Iterazione 30, Loss: 0.6931
2024-11-28T12:24:18.571857+0100 INFO Iterazione 40, Loss: 0.6931
2024-11-28T12:24:18.641836+0100 INFO Iterazione 50, Loss: 0.6931
2024-11-28T12:24:18.711915+0100 INFO Iterazione 60, Loss: 0.6931
2024-11-28T12:24:18.781662+0100 INFO Iterazione 70, Loss: 0.6931
2024-11-28T12:24:18.851844+0100 INFO Iterazione 80, Loss: 0.6931
2024-11-28T12:24:18.921738+0100 INFO Iterazione 90, Loss: 0.6931
2024-11-28T12:24:18.991650+0100 INFO Iterazione 100, Loss: 0.6931
2024-11-28T12:24:19.061891+0100 INFO Iterazione 110, Loss: 0.6931
2024-11-28T12:24:19.132013+0100 INFO Iterazione 120, Loss: 0.6931
2024-11-28T12:24:19.201402+0100 INFO Iterazione 130, Loss: 0.6931
2024-11-28T12:24:19.209392+0100 INFO Epoch 13/30 completed.
2024-11-28T12:24:19.209778+0100 INFO Epoch 14/30 started.
2024-11-28T12:24:19.217614+0100 INFO Iterazione 0, Loss: 0.6931
2024-11-28T12:24:19.287820+0100 INFO Iterazione 10, Loss: 0.6931
2024-11-28T12:24:19.357870+0100 INFO Iterazione 20, Loss: 0.6931
2024-11-28T12:24:19.427965+0100 INFO Iterazione 30, Loss: 0.6931
2024-11-28T12:24:19.498207+0100 INFO Iterazione 40, Loss: 0.6931
2024-11-28T12:24:19.567845+0100 INFO Iterazione 50, Loss: 0.6931
2024-11-28T12:24:19.637531+0100 INFO Iterazione 60, Loss: 0.6931
2024-11-28T12:24:19.707218+0100 INFO Iterazione 70, Loss: 0.6931
2024-11-28T12:24:19.776976+0100 INFO Iterazione 80, Loss: 0.6931
2024-11-28T12:24:19.846802+0100 INFO Iterazione 90, Loss: 0.6931
2024-11-28T12:24:19.917403+0100 INFO Iterazione 100, Loss: 0.6931
2024-11-28T12:24:19.987284+0100 INFO Iterazione 110, Loss: 0.6931
2024-11-28T12:24:20.057084+0100 INFO Iterazione 120, Loss: 0.6931
2024-11-28T12:24:20.126815+0100 INFO Iterazione 130, Loss: 0.6931
2024-11-28T12:24:20.134819+0100 INFO Epoch 14/30 completed.
2024-11-28T12:24:20.135203+0100 INFO Epoch 15/30 started.
2024-11-28T12:24:20.143090+0100 INFO Iterazione 0, Loss: 0.6931
2024-11-28T12:24:20.212634+0100 INFO Iterazione 10, Loss: 0.6931
2024-11-28T12:24:20.282423+0100 INFO Iterazione 20, Loss: 0.6931
2024-11-28T12:24:20.352418+0100 INFO Iterazione 30, Loss: 0.6931
2024-11-28T12:24:20.422468+0100 INFO Iterazione 40, Loss: 0.6931
2024-11-28T12:24:20.492467+0100 INFO Iterazione 50, Loss: 0.6931
2024-11-28T12:24:20.562670+0100 INFO Iterazione 60, Loss: 0.6931
2024-11-28T12:24:20.632910+0100 INFO Iterazione 70, Loss: 0.6931
2024-11-28T12:24:20.702967+0100 INFO Iterazione 80, Loss: 0.6931
2024-11-28T12:24:20.772753+0100 INFO Iterazione 90, Loss: 0.6931
2024-11-28T12:24:20.843418+0100 INFO Iterazione 100, Loss: 0.6931
2024-11-28T12:24:20.913137+0100 INFO Iterazione 110, Loss: 0.6931
2024-11-28T12:24:20.982957+0100 INFO Iterazione 120, Loss: 0.6931
2024-11-28T12:24:21.052767+0100 INFO Iterazione 130, Loss: 0.6931
2024-11-28T12:24:21.060925+0100 INFO Epoch 15/30 completed.
2024-11-28T12:24:21.061306+0100 INFO Epoch 16/30 started.
2024-11-28T12:24:21.069190+0100 INFO Iterazione 0, Loss: 0.6931
2024-11-28T12:24:21.139050+0100 INFO Iterazione 10, Loss: 0.6931
2024-11-28T12:24:21.208756+0100 INFO Iterazione 20, Loss: 0.6931
2024-11-28T12:24:21.278483+0100 INFO Iterazione 30, Loss: 0.6931
2024-11-28T12:24:21.348456+0100 INFO Iterazione 40, Loss: 0.6931
2024-11-28T12:24:21.418158+0100 INFO Iterazione 50, Loss: 0.6931
2024-11-28T12:24:21.488165+0100 INFO Iterazione 60, Loss: 0.6931
2024-11-28T12:24:21.557973+0100 INFO Iterazione 70, Loss: 0.6931
2024-11-28T12:24:21.627574+0100 INFO Iterazione 80, Loss: 0.6931
2024-11-28T12:24:21.697414+0100 INFO Iterazione 90, Loss: 0.6931
2024-11-28T12:24:21.767242+0100 INFO Iterazione 100, Loss: 0.6931
2024-11-28T12:24:21.836900+0100 INFO Iterazione 110, Loss: 0.6931
2024-11-28T12:24:21.907031+0100 INFO Iterazione 120, Loss: 0.6931
2024-11-28T12:24:21.977013+0100 INFO Iterazione 130, Loss: 0.6931
2024-11-28T12:24:21.984873+0100 INFO Epoch 16/30 completed.
2024-11-28T12:24:21.985253+0100 INFO Epoch 17/30 started.
2024-11-28T12:24:21.993033+0100 INFO Iterazione 0, Loss: 0.6931
2024-11-28T12:24:22.062980+0100 INFO Iterazione 10, Loss: 0.6931
2024-11-28T12:24:22.132720+0100 INFO Iterazione 20, Loss: 0.6931
2024-11-28T12:24:22.202134+0100 INFO Iterazione 30, Loss: 0.6931
2024-11-28T12:24:22.272062+0100 INFO Iterazione 40, Loss: 0.6931
2024-11-28T12:24:22.341702+0100 INFO Iterazione 50, Loss: 0.6931
2024-11-28T12:24:22.411350+0100 INFO Iterazione 60, Loss: 0.6931
2024-11-28T12:24:22.481034+0100 INFO Iterazione 70, Loss: 0.6931
2024-11-28T12:24:22.550832+0100 INFO Iterazione 80, Loss: 0.6931
2024-11-28T12:24:22.620427+0100 INFO Iterazione 90, Loss: 0.6931
2024-11-28T12:24:22.690453+0100 INFO Iterazione 100, Loss: 0.6931
2024-11-28T12:24:22.760093+0100 INFO Iterazione 110, Loss: 0.6931
2024-11-28T12:24:22.829708+0100 INFO Iterazione 120, Loss: 0.6931
2024-11-28T12:24:22.899572+0100 INFO Iterazione 130, Loss: 0.6931
2024-11-28T12:24:22.907707+0100 INFO Epoch 17/30 completed.
2024-11-28T12:24:22.908090+0100 INFO Epoch 18/30 started.
2024-11-28T12:24:22.916019+0100 INFO Iterazione 0, Loss: 0.6931
2024-11-28T12:24:22.985753+0100 INFO Iterazione 10, Loss: 0.6931
2024-11-28T12:24:23.055559+0100 INFO Iterazione 20, Loss: 0.6931
2024-11-28T12:24:23.125468+0100 INFO Iterazione 30, Loss: 0.6931
2024-11-28T12:24:23.194082+0100 INFO Iterazione 40, Loss: 0.6931
2024-11-28T12:24:23.264246+0100 INFO Iterazione 50, Loss: 0.6931
2024-11-28T12:24:23.335868+0100 INFO Iterazione 60, Loss: 0.6931
2024-11-28T12:24:23.405638+0100 INFO Iterazione 70, Loss: 0.6931
2024-11-28T12:24:23.475470+0100 INFO Iterazione 80, Loss: 0.6931
2024-11-28T12:24:23.545272+0100 INFO Iterazione 90, Loss: 0.6931
2024-11-28T12:24:23.615083+0100 INFO Iterazione 100, Loss: 0.6931
2024-11-28T12:24:23.684811+0100 INFO Iterazione 110, Loss: 0.6931
2024-11-28T12:24:23.754611+0100 INFO Iterazione 120, Loss: 0.6931
2024-11-28T12:24:23.824257+0100 INFO Iterazione 130, Loss: 0.6931
2024-11-28T12:24:23.832268+0100 INFO Epoch 18/30 completed.
2024-11-28T12:24:23.832651+0100 INFO Epoch 19/30 started.
2024-11-28T12:24:23.840489+0100 INFO Iterazione 0, Loss: 0.6931
2024-11-28T12:24:23.910194+0100 INFO Iterazione 10, Loss: 0.6931
2024-11-28T12:24:23.980203+0100 INFO Iterazione 20, Loss: 0.6931
2024-11-28T12:24:24.050363+0100 INFO Iterazione 30, Loss: 0.6931
2024-11-28T12:24:24.120384+0100 INFO Iterazione 40, Loss: 0.6931
2024-11-28T12:24:24.189669+0100 INFO Iterazione 50, Loss: 0.6931
2024-11-28T12:24:24.258751+0100 INFO Iterazione 60, Loss: 0.6931
2024-11-28T12:24:24.328605+0100 INFO Iterazione 70, Loss: 0.6931
2024-11-28T12:24:24.398591+0100 INFO Iterazione 80, Loss: 0.6931
2024-11-28T12:24:24.468487+0100 INFO Iterazione 90, Loss: 0.6931
2024-11-28T12:24:24.538506+0100 INFO Iterazione 100, Loss: 0.6931
2024-11-28T12:24:24.608385+0100 INFO Iterazione 110, Loss: 0.6931
2024-11-28T12:24:24.678277+0100 INFO Iterazione 120, Loss: 0.6931
2024-11-28T12:24:24.748078+0100 INFO Iterazione 130, Loss: 0.6931
2024-11-28T12:24:24.755988+0100 INFO Epoch 19/30 completed.
2024-11-28T12:24:24.756392+0100 INFO Epoch 20/30 started.
2024-11-28T12:24:24.764318+0100 INFO Iterazione 0, Loss: 0.6931
2024-11-28T12:24:24.834375+0100 INFO Iterazione 10, Loss: 0.6931
2024-11-28T12:24:24.904502+0100 INFO Iterazione 20, Loss: 0.6931
2024-11-28T12:24:24.974562+0100 INFO Iterazione 30, Loss: 0.6931
2024-11-28T12:24:25.044662+0100 INFO Iterazione 40, Loss: 0.6931
2024-11-28T12:24:25.114525+0100 INFO Iterazione 50, Loss: 0.6931
2024-11-28T12:24:25.184462+0100 INFO Iterazione 60, Loss: 0.6931
2024-11-28T12:24:25.254700+0100 INFO Iterazione 70, Loss: 0.6931
2024-11-28T12:24:25.324521+0100 INFO Iterazione 80, Loss: 0.6931
2024-11-28T12:24:25.394278+0100 INFO Iterazione 90, Loss: 0.6931
2024-11-28T12:24:25.464507+0100 INFO Iterazione 100, Loss: 0.6931
2024-11-28T12:24:25.534414+0100 INFO Iterazione 110, Loss: 0.6931
2024-11-28T12:24:25.604361+0100 INFO Iterazione 120, Loss: 0.6931
2024-11-28T12:24:25.674285+0100 INFO Iterazione 130, Loss: 0.6931
2024-11-28T12:24:25.682324+0100 INFO Epoch 20/30 completed.
2024-11-28T12:24:25.682708+0100 INFO Epoch 21/30 started.
2024-11-28T12:24:25.690775+0100 INFO Iterazione 0, Loss: 0.6931
2024-11-28T12:24:25.760814+0100 INFO Iterazione 10, Loss: 0.6931
2024-11-28T12:24:25.830704+0100 INFO Iterazione 20, Loss: 0.6931
2024-11-28T12:24:25.900714+0100 INFO Iterazione 30, Loss: 0.6931
2024-11-28T12:24:25.970608+0100 INFO Iterazione 40, Loss: 0.6931
2024-11-28T12:24:26.040645+0100 INFO Iterazione 50, Loss: 0.6931
2024-11-28T12:24:26.110485+0100 INFO Iterazione 60, Loss: 0.6931
2024-11-28T12:24:26.180721+0100 INFO Iterazione 70, Loss: 0.6931
2024-11-28T12:24:26.251138+0100 INFO Iterazione 80, Loss: 0.6931
2024-11-28T12:24:26.321088+0100 INFO Iterazione 90, Loss: 0.6931
2024-11-28T12:24:26.391131+0100 INFO Iterazione 100, Loss: 0.6931
2024-11-28T12:24:26.461082+0100 INFO Iterazione 110, Loss: 0.6931
2024-11-28T12:24:26.531324+0100 INFO Iterazione 120, Loss: 0.6931
2024-11-28T12:24:26.601505+0100 INFO Iterazione 130, Loss: 0.6931
2024-11-28T12:24:26.609559+0100 INFO Epoch 21/30 completed.
2024-11-28T12:24:26.609943+0100 INFO Epoch 22/30 started.
2024-11-28T12:24:26.617800+0100 INFO Iterazione 0, Loss: 0.6931
2024-11-28T12:24:26.687760+0100 INFO Iterazione 10, Loss: 0.6931
2024-11-28T12:24:26.757694+0100 INFO Iterazione 20, Loss: 0.6931
2024-11-28T12:24:26.827367+0100 INFO Iterazione 30, Loss: 0.6931
2024-11-28T12:24:26.897429+0100 INFO Iterazione 40, Loss: 0.6931
2024-11-28T12:24:26.967480+0100 INFO Iterazione 50, Loss: 0.6931
2024-11-28T12:24:27.037422+0100 INFO Iterazione 60, Loss: 0.6931
2024-11-28T12:24:27.107487+0100 INFO Iterazione 70, Loss: 0.6931
2024-11-28T12:24:27.177395+0100 INFO Iterazione 80, Loss: 0.6931
2024-11-28T12:24:27.247597+0100 INFO Iterazione 90, Loss: 0.6931
2024-11-28T12:24:27.317316+0100 INFO Iterazione 100, Loss: 0.6931
2024-11-28T12:24:27.388022+0100 INFO Iterazione 110, Loss: 0.6931
2024-11-28T12:24:27.457877+0100 INFO Iterazione 120, Loss: 0.6931
2024-11-28T12:24:27.527688+0100 INFO Iterazione 130, Loss: 0.6931
2024-11-28T12:24:27.535534+0100 INFO Epoch 22/30 completed.
2024-11-28T12:24:27.535921+0100 INFO Epoch 23/30 started.
2024-11-28T12:24:27.543748+0100 INFO Iterazione 0, Loss: 0.6931
2024-11-28T12:24:27.613420+0100 INFO Iterazione 10, Loss: 0.6931
2024-11-28T12:24:27.683635+0100 INFO Iterazione 20, Loss: 0.6931
2024-11-28T12:24:27.753256+0100 INFO Iterazione 30, Loss: 0.6931
2024-11-28T12:24:27.822814+0100 INFO Iterazione 40, Loss: 0.6931
2024-11-28T12:24:27.892341+0100 INFO Iterazione 50, Loss: 0.6931
2024-11-28T12:24:27.961995+0100 INFO Iterazione 60, Loss: 0.6931
2024-11-28T12:24:28.031661+0100 INFO Iterazione 70, Loss: 0.6931
2024-11-28T12:24:28.101316+0100 INFO Iterazione 80, Loss: 0.6931
2024-11-28T12:24:28.171075+0100 INFO Iterazione 90, Loss: 0.6931
2024-11-28T12:24:28.240557+0100 INFO Iterazione 100, Loss: 0.6931
2024-11-28T12:24:28.310141+0100 INFO Iterazione 110, Loss: 0.6931
2024-11-28T12:24:28.379824+0100 INFO Iterazione 120, Loss: 0.6931
2024-11-28T12:24:28.449566+0100 INFO Iterazione 130, Loss: 0.6931
2024-11-28T12:24:28.457566+0100 INFO Epoch 23/30 completed.
2024-11-28T12:24:28.457954+0100 INFO Epoch 24/30 started.
2024-11-28T12:24:28.465812+0100 INFO Iterazione 0, Loss: 0.6931
2024-11-28T12:24:28.535410+0100 INFO Iterazione 10, Loss: 0.6931
2024-11-28T12:24:28.605148+0100 INFO Iterazione 20, Loss: 0.6931
2024-11-28T12:24:28.674705+0100 INFO Iterazione 30, Loss: 0.6931
2024-11-28T12:24:28.744377+0100 INFO Iterazione 40, Loss: 0.6931
2024-11-28T12:24:28.814118+0100 INFO Iterazione 50, Loss: 0.6931
2024-11-28T12:24:28.883882+0100 INFO Iterazione 60, Loss: 0.6931
2024-11-28T12:24:28.953512+0100 INFO Iterazione 70, Loss: 0.6931
2024-11-28T12:24:29.029968+0100 INFO Iterazione 80, Loss: 0.6931
2024-11-28T12:24:29.105007+0100 INFO Iterazione 90, Loss: 0.6931
2024-11-28T12:24:29.176654+0100 INFO Iterazione 100, Loss: 0.6931
2024-11-28T12:24:29.248254+0100 INFO Iterazione 110, Loss: 0.6931
2024-11-28T12:24:29.319763+0100 INFO Iterazione 120, Loss: 0.6931
2024-11-28T12:24:29.391341+0100 INFO Iterazione 130, Loss: 0.6931
2024-11-28T12:24:29.399719+0100 INFO Epoch 24/30 completed.
2024-11-28T12:24:29.400116+0100 INFO Epoch 25/30 started.
2024-11-28T12:24:29.408470+0100 INFO Iterazione 0, Loss: 0.6931
2024-11-28T12:24:29.480044+0100 INFO Iterazione 10, Loss: 0.6931
2024-11-28T12:24:29.551803+0100 INFO Iterazione 20, Loss: 0.6931
2024-11-28T12:24:29.623653+0100 INFO Iterazione 30, Loss: 0.6931
2024-11-28T12:24:29.695220+0100 INFO Iterazione 40, Loss: 0.6931
2024-11-28T12:24:29.767107+0100 INFO Iterazione 50, Loss: 0.6931
2024-11-28T12:24:29.838668+0100 INFO Iterazione 60, Loss: 0.6931
2024-11-28T12:24:29.910374+0100 INFO Iterazione 70, Loss: 0.6931
2024-11-28T12:24:29.982129+0100 INFO Iterazione 80, Loss: 0.6931
2024-11-28T12:24:30.054245+0100 INFO Iterazione 90, Loss: 0.6931
2024-11-28T12:24:30.126849+0100 INFO Iterazione 100, Loss: 0.6931
2024-11-28T12:24:30.197650+0100 INFO Iterazione 110, Loss: 0.6931
2024-11-28T12:24:30.269270+0100 INFO Iterazione 120, Loss: 0.6931
2024-11-28T12:24:30.340803+0100 INFO Iterazione 130, Loss: 0.6931
2024-11-28T12:24:30.348851+0100 INFO Epoch 25/30 completed.
2024-11-28T12:24:30.349249+0100 INFO Epoch 26/30 started.
2024-11-28T12:24:30.357265+0100 INFO Iterazione 0, Loss: 0.6931
2024-11-28T12:24:30.428713+0100 INFO Iterazione 10, Loss: 0.6931
2024-11-28T12:24:30.500523+0100 INFO Iterazione 20, Loss: 0.6931
2024-11-28T12:24:30.572013+0100 INFO Iterazione 30, Loss: 0.6931
2024-11-28T12:24:30.643906+0100 INFO Iterazione 40, Loss: 0.6931
2024-11-28T12:24:30.715893+0100 INFO Iterazione 50, Loss: 0.6931
2024-11-28T12:24:30.787625+0100 INFO Iterazione 60, Loss: 0.6931
2024-11-28T12:24:30.859324+0100 INFO Iterazione 70, Loss: 0.6931
2024-11-28T12:24:30.930528+0100 INFO Iterazione 80, Loss: 0.6931
2024-11-28T12:24:30.996793+0100 INFO Iterazione 90, Loss: 0.6931
2024-11-28T12:24:31.066930+0100 INFO Iterazione 100, Loss: 0.6931
2024-11-28T12:24:31.133750+0100 INFO Iterazione 110, Loss: 0.6931
2024-11-28T12:24:31.197522+0100 INFO Iterazione 120, Loss: 0.6931
2024-11-28T12:24:31.261804+0100 INFO Iterazione 130, Loss: 0.6931
2024-11-28T12:24:31.269176+0100 INFO Epoch 26/30 completed.
2024-11-28T12:24:31.269559+0100 INFO Epoch 27/30 started.
2024-11-28T12:24:31.276796+0100 INFO Iterazione 0, Loss: 0.6931
2024-11-28T12:24:31.346978+0100 INFO Iterazione 10, Loss: 0.6931
2024-11-28T12:24:31.416847+0100 INFO Iterazione 20, Loss: 0.6931
2024-11-28T12:24:31.486664+0100 INFO Iterazione 30, Loss: 0.6931
2024-11-28T12:24:31.556404+0100 INFO Iterazione 40, Loss: 0.6931
2024-11-28T12:24:31.626186+0100 INFO Iterazione 50, Loss: 0.6931
2024-11-28T12:24:31.695898+0100 INFO Iterazione 60, Loss: 0.6931
2024-11-28T12:24:31.765529+0100 INFO Iterazione 70, Loss: 0.6931
2024-11-28T12:24:31.835170+0100 INFO Iterazione 80, Loss: 0.6931
2024-11-28T12:24:31.904924+0100 INFO Iterazione 90, Loss: 0.6931
2024-11-28T12:24:31.974743+0100 INFO Iterazione 100, Loss: 0.6931
2024-11-28T12:24:32.044503+0100 INFO Iterazione 110, Loss: 0.6931
2024-11-28T12:24:32.114157+0100 INFO Iterazione 120, Loss: 0.6931
2024-11-28T12:24:32.183967+0100 INFO Iterazione 130, Loss: 0.6931
2024-11-28T12:24:32.192072+0100 INFO Epoch 27/30 completed.
2024-11-28T12:24:32.192456+0100 INFO Epoch 28/30 started.
2024-11-28T12:24:32.200301+0100 INFO Iterazione 0, Loss: 0.6931
2024-11-28T12:24:32.269831+0100 INFO Iterazione 10, Loss: 0.6931
2024-11-28T12:24:32.339941+0100 INFO Iterazione 20, Loss: 0.6931
2024-11-28T12:24:32.411719+0100 INFO Iterazione 30, Loss: 0.6931
2024-11-28T12:24:32.484141+0100 INFO Iterazione 40, Loss: 0.6931
2024-11-28T12:24:32.555508+0100 INFO Iterazione 50, Loss: 0.6931
2024-11-28T12:24:32.626679+0100 INFO Iterazione 60, Loss: 0.6931
2024-11-28T12:24:32.697976+0100 INFO Iterazione 70, Loss: 0.6931
2024-11-28T12:24:32.769024+0100 INFO Iterazione 80, Loss: 0.6931
2024-11-28T12:24:32.840164+0100 INFO Iterazione 90, Loss: 0.6931
2024-11-28T12:24:32.911493+0100 INFO Iterazione 100, Loss: 0.6931
2024-11-28T12:24:32.981390+0100 INFO Iterazione 110, Loss: 0.6931
2024-11-28T12:24:33.050999+0100 INFO Iterazione 120, Loss: 0.6931
2024-11-28T12:24:33.120626+0100 INFO Iterazione 130, Loss: 0.6931
2024-11-28T12:24:33.128656+0100 INFO Epoch 28/30 completed.
2024-11-28T12:24:33.129042+0100 INFO Epoch 29/30 started.
2024-11-28T12:24:33.136937+0100 INFO Iterazione 0, Loss: 0.6931
2024-11-28T12:24:33.206572+0100 INFO Iterazione 10, Loss: 0.6931
2024-11-28T12:24:33.276225+0100 INFO Iterazione 20, Loss: 0.6931
2024-11-28T12:24:33.345819+0100 INFO Iterazione 30, Loss: 0.6931
2024-11-28T12:24:33.415298+0100 INFO Iterazione 40, Loss: 0.6931
2024-11-28T12:24:33.485019+0100 INFO Iterazione 50, Loss: 0.6931
2024-11-28T12:24:33.555330+0100 INFO Iterazione 60, Loss: 0.6931
2024-11-28T12:24:33.625552+0100 INFO Iterazione 70, Loss: 0.6931
2024-11-28T12:24:33.696124+0100 INFO Iterazione 80, Loss: 0.6931
2024-11-28T12:24:33.766596+0100 INFO Iterazione 90, Loss: 0.6931
2024-11-28T12:24:33.837748+0100 INFO Iterazione 100, Loss: 0.6931
2024-11-28T12:24:33.909795+0100 INFO Iterazione 110, Loss: 0.6931
2024-11-28T12:24:33.980813+0100 INFO Iterazione 120, Loss: 0.6931
2024-11-28T12:24:34.052069+0100 INFO Iterazione 130, Loss: 0.6931
2024-11-28T12:24:34.060277+0100 INFO Epoch 29/30 completed.
2024-11-28T12:24:34.060664+0100 INFO Epoch 30/30 started.
2024-11-28T12:24:34.068569+0100 INFO Iterazione 0, Loss: 0.6931
2024-11-28T12:24:34.139716+0100 INFO Iterazione 10, Loss: 0.6931
2024-11-28T12:24:34.210485+0100 INFO Iterazione 20, Loss: 0.6931
2024-11-28T12:24:34.280914+0100 INFO Iterazione 30, Loss: 0.6931
2024-11-28T12:24:34.351914+0100 INFO Iterazione 40, Loss: 0.6931
2024-11-28T12:24:34.423125+0100 INFO Iterazione 50, Loss: 0.6931
2024-11-28T12:24:34.494252+0100 INFO Iterazione 60, Loss: 0.6931
2024-11-28T12:24:34.565324+0100 INFO Iterazione 70, Loss: 0.6931
2024-11-28T12:24:34.636351+0100 INFO Iterazione 80, Loss: 0.6931
2024-11-28T12:24:34.707058+0100 INFO Iterazione 90, Loss: 0.6931
2024-11-28T12:24:34.777664+0100 INFO Iterazione 100, Loss: 0.6931
2024-11-28T12:24:34.848642+0100 INFO Iterazione 110, Loss: 0.6931
2024-11-28T12:24:34.919689+0100 INFO Iterazione 120, Loss: 0.6931
2024-11-28T12:24:34.990298+0100 INFO Iterazione 130, Loss: 0.6931
2024-11-28T12:24:34.998351+0100 INFO Epoch 30/30 completed.
2024-11-28T12:24:34.998732+0100 INFO Training completed.
2024-11-28T13:06:19.124881+0100 INFO Epoch 1/10 started.
2024-11-28T13:06:20.012785+0100 INFO Iterazione 0, Loss: 0.6931
2024-11-28T13:06:20.074006+0100 INFO Iterazione 10, Loss: 0.6931
2024-11-28T13:06:20.137636+0100 INFO Iterazione 20, Loss: 0.6931
2024-11-28T13:06:20.202141+0100 INFO Iterazione 30, Loss: 0.6931
2024-11-28T13:06:20.269058+0100 INFO Iterazione 40, Loss: 0.6931
2024-11-28T13:06:20.336907+0100 INFO Iterazione 50, Loss: 0.6931
2024-11-28T13:06:20.404961+0100 INFO Iterazione 60, Loss: 0.6931
2024-11-28T13:06:20.472818+0100 INFO Iterazione 70, Loss: 0.6931
2024-11-28T13:06:20.541700+0100 INFO Iterazione 80, Loss: 0.6931
2024-11-28T13:06:20.610958+0100 INFO Iterazione 90, Loss: 0.6931
2024-11-28T13:06:20.680223+0100 INFO Iterazione 100, Loss: 0.6931
2024-11-28T13:06:20.749875+0100 INFO Iterazione 110, Loss: 0.6931
2024-11-28T13:06:20.818814+0100 INFO Iterazione 120, Loss: 0.6931
2024-11-28T13:06:20.888624+0100 INFO Iterazione 130, Loss: 0.6931
2024-11-28T13:06:20.896881+0100 INFO Epoch 1/10 completed.
2024-11-28T13:06:20.897265+0100 INFO Epoch 2/10 started.
2024-11-28T13:06:20.904976+0100 INFO Iterazione 0, Loss: 0.6931
2024-11-28T13:06:20.973813+0100 INFO Iterazione 10, Loss: 0.6931
2024-11-28T13:06:21.042911+0100 INFO Iterazione 20, Loss: 0.6931
2024-11-28T13:06:21.111794+0100 INFO Iterazione 30, Loss: 0.6931
2024-11-28T13:06:21.180680+0100 INFO Iterazione 40, Loss: 0.6931
2024-11-28T13:06:21.249437+0100 INFO Iterazione 50, Loss: 0.6931
2024-11-28T13:06:21.319068+0100 INFO Iterazione 60, Loss: 0.6931
2024-11-28T13:06:21.390803+0100 INFO Iterazione 70, Loss: 0.6931
2024-11-28T13:06:21.461533+0100 INFO Iterazione 80, Loss: 0.6931
2024-11-28T13:06:21.532253+0100 INFO Iterazione 90, Loss: 0.6931
2024-11-28T13:06:21.602994+0100 INFO Iterazione 100, Loss: 0.6931
2024-11-28T13:06:21.673657+0100 INFO Iterazione 110, Loss: 0.6931
2024-11-28T13:06:21.744366+0100 INFO Iterazione 120, Loss: 0.6931
2024-11-28T13:06:21.815249+0100 INFO Iterazione 130, Loss: 0.6931
2024-11-28T13:06:21.823398+0100 INFO Epoch 2/10 completed.
2024-11-28T13:06:21.823806+0100 INFO Epoch 3/10 started.
2024-11-28T13:06:21.831753+0100 INFO Iterazione 0, Loss: 0.6931
2024-11-28T13:06:21.902628+0100 INFO Iterazione 10, Loss: 0.6931
2024-11-28T13:06:21.973500+0100 INFO Iterazione 20, Loss: 0.6931
2024-11-28T13:06:22.044015+0100 INFO Iterazione 30, Loss: 0.6931
2024-11-28T13:06:22.114841+0100 INFO Iterazione 40, Loss: 0.6931
2024-11-28T13:06:22.185709+0100 INFO Iterazione 50, Loss: 0.6931
2024-11-28T13:06:22.256504+0100 INFO Iterazione 60, Loss: 0.6931
2024-11-28T13:06:22.327248+0100 INFO Iterazione 70, Loss: 0.6931
2024-11-28T13:06:22.398020+0100 INFO Iterazione 80, Loss: 0.6931
2024-11-28T13:06:22.468513+0100 INFO Iterazione 90, Loss: 0.6931
2024-11-28T13:06:22.539423+0100 INFO Iterazione 100, Loss: 0.6931
2024-11-28T13:06:22.609978+0100 INFO Iterazione 110, Loss: 0.6931
2024-11-28T13:06:22.680861+0100 INFO Iterazione 120, Loss: 0.6931
2024-11-28T13:06:22.751532+0100 INFO Iterazione 130, Loss: 0.6931
2024-11-28T13:06:22.759703+0100 INFO Epoch 3/10 completed.
2024-11-28T13:06:22.760101+0100 INFO Epoch 4/10 started.
2024-11-28T13:06:22.768070+0100 INFO Iterazione 0, Loss: 0.6931
2024-11-28T13:06:22.839080+0100 INFO Iterazione 10, Loss: 0.6931
2024-11-28T13:06:22.911147+0100 INFO Iterazione 20, Loss: 0.6931
2024-11-28T13:06:22.981774+0100 INFO Iterazione 30, Loss: 0.6931
2024-11-28T13:06:23.052722+0100 INFO Iterazione 40, Loss: 0.6931
2024-11-28T13:06:23.123278+0100 INFO Iterazione 50, Loss: 0.6931
2024-11-28T13:06:23.195977+0100 INFO Iterazione 60, Loss: 0.6931
2024-11-28T13:06:23.266747+0100 INFO Iterazione 70, Loss: 0.6931
2024-11-28T13:06:23.337366+0100 INFO Iterazione 80, Loss: 0.6931
2024-11-28T13:06:23.407894+0100 INFO Iterazione 90, Loss: 0.6931
2024-11-28T13:06:23.478515+0100 INFO Iterazione 100, Loss: 0.6931
2024-11-28T13:06:23.549061+0100 INFO Iterazione 110, Loss: 0.6931
2024-11-28T13:06:23.619808+0100 INFO Iterazione 120, Loss: 0.6931
2024-11-28T13:06:23.690321+0100 INFO Iterazione 130, Loss: 0.6931
2024-11-28T13:06:23.698509+0100 INFO Epoch 4/10 completed.
2024-11-28T13:06:23.698919+0100 INFO Epoch 5/10 started.
2024-11-28T13:06:23.706878+0100 INFO Iterazione 0, Loss: 0.6931
2024-11-28T13:06:23.777510+0100 INFO Iterazione 10, Loss: 0.6931
2024-11-28T13:06:23.848311+0100 INFO Iterazione 20, Loss: 0.6931
2024-11-28T13:06:23.918737+0100 INFO Iterazione 30, Loss: 0.6931
2024-11-28T13:06:23.989179+0100 INFO Iterazione 40, Loss: 0.6931
2024-11-28T13:06:24.059635+0100 INFO Iterazione 50, Loss: 0.6931
2024-11-28T13:06:24.130167+0100 INFO Iterazione 60, Loss: 0.6931
2024-11-28T13:06:24.200566+0100 INFO Iterazione 70, Loss: 0.6931
2024-11-28T13:06:24.271014+0100 INFO Iterazione 80, Loss: 0.6931
2024-11-28T13:06:24.341495+0100 INFO Iterazione 90, Loss: 0.6931
2024-11-28T13:06:24.411988+0100 INFO Iterazione 100, Loss: 0.6931
2024-11-28T13:06:24.482418+0100 INFO Iterazione 110, Loss: 0.6931
2024-11-28T13:06:24.553051+0100 INFO Iterazione 120, Loss: 0.6931
2024-11-28T13:06:24.623719+0100 INFO Iterazione 130, Loss: 0.6931
2024-11-28T13:06:24.631936+0100 INFO Epoch 5/10 completed.
2024-11-28T13:06:24.632342+0100 INFO Epoch 6/10 started.
2024-11-28T13:06:24.640367+0100 INFO Iterazione 0, Loss: 0.6931
2024-11-28T13:06:24.710846+0100 INFO Iterazione 10, Loss: 0.6931
2024-11-28T13:06:24.781222+0100 INFO Iterazione 20, Loss: 0.6931
2024-11-28T13:06:24.851764+0100 INFO Iterazione 30, Loss: 0.6931
2024-11-28T13:06:24.922281+0100 INFO Iterazione 40, Loss: 0.6931
2024-11-28T13:06:24.992722+0100 INFO Iterazione 50, Loss: 0.6931
2024-11-28T13:06:25.063242+0100 INFO Iterazione 60, Loss: 0.6931
2024-11-28T13:06:25.133680+0100 INFO Iterazione 70, Loss: 0.6931
2024-11-28T13:06:25.204410+0100 INFO Iterazione 80, Loss: 0.6931
2024-11-28T13:06:25.274748+0100 INFO Iterazione 90, Loss: 0.6931
2024-11-28T13:06:25.345101+0100 INFO Iterazione 100, Loss: 0.6931
2024-11-28T13:06:25.415521+0100 INFO Iterazione 110, Loss: 0.6931
2024-11-28T13:06:25.486041+0100 INFO Iterazione 120, Loss: 0.6931
2024-11-28T13:06:25.556776+0100 INFO Iterazione 130, Loss: 0.6931
2024-11-28T13:06:25.565075+0100 INFO Epoch 6/10 completed.
2024-11-28T13:06:25.565479+0100 INFO Epoch 7/10 started.
2024-11-28T13:06:25.573590+0100 INFO Iterazione 0, Loss: 0.6931
2024-11-28T13:06:25.644344+0100 INFO Iterazione 10, Loss: 0.6931
2024-11-28T13:06:25.714990+0100 INFO Iterazione 20, Loss: 0.6931
2024-11-28T13:06:25.785421+0100 INFO Iterazione 30, Loss: 0.6931
2024-11-28T13:06:25.856112+0100 INFO Iterazione 40, Loss: 0.6931
2024-11-28T13:06:25.926613+0100 INFO Iterazione 50, Loss: 0.6931
2024-11-28T13:06:25.997245+0100 INFO Iterazione 60, Loss: 0.6931
2024-11-28T13:06:26.067726+0100 INFO Iterazione 70, Loss: 0.6931
2024-11-28T13:06:26.138355+0100 INFO Iterazione 80, Loss: 0.6931
2024-11-28T13:06:26.208836+0100 INFO Iterazione 90, Loss: 0.6931
2024-11-28T13:06:26.279373+0100 INFO Iterazione 100, Loss: 0.6931
2024-11-28T13:06:26.350212+0100 INFO Iterazione 110, Loss: 0.6931
2024-11-28T13:06:26.420858+0100 INFO Iterazione 120, Loss: 0.6931
2024-11-28T13:06:26.491216+0100 INFO Iterazione 130, Loss: 0.6931
2024-11-28T13:06:26.499551+0100 INFO Epoch 7/10 completed.
2024-11-28T13:06:26.499956+0100 INFO Epoch 8/10 started.
2024-11-28T13:06:26.508082+0100 INFO Iterazione 0, Loss: 0.6931
2024-11-28T13:06:26.578738+0100 INFO Iterazione 10, Loss: 0.6931
2024-11-28T13:06:26.649294+0100 INFO Iterazione 20, Loss: 0.6931
2024-11-28T13:06:26.719965+0100 INFO Iterazione 30, Loss: 0.6931
2024-11-28T13:06:26.790755+0100 INFO Iterazione 40, Loss: 0.6931
2024-11-28T13:06:26.861307+0100 INFO Iterazione 50, Loss: 0.6931
2024-11-28T13:06:26.931944+0100 INFO Iterazione 60, Loss: 0.6931
2024-11-28T13:06:27.002603+0100 INFO Iterazione 70, Loss: 0.6931
2024-11-28T13:06:27.073151+0100 INFO Iterazione 80, Loss: 0.6931
2024-11-28T13:06:27.143581+0100 INFO Iterazione 90, Loss: 0.6931
2024-11-28T13:06:27.214050+0100 INFO Iterazione 100, Loss: 0.6931
2024-11-28T13:06:27.284492+0100 INFO Iterazione 110, Loss: 0.6931
2024-11-28T13:06:27.355185+0100 INFO Iterazione 120, Loss: 0.6931
2024-11-28T13:06:27.425562+0100 INFO Iterazione 130, Loss: 0.6931
2024-11-28T13:06:27.433927+0100 INFO Epoch 8/10 completed.
2024-11-28T13:06:27.434343+0100 INFO Epoch 9/10 started.
2024-11-28T13:06:27.442348+0100 INFO Iterazione 0, Loss: 0.6931
2024-11-28T13:06:27.513517+0100 INFO Iterazione 10, Loss: 0.6931
2024-11-28T13:06:27.585609+0100 INFO Iterazione 20, Loss: 0.6931
2024-11-28T13:06:27.656098+0100 INFO Iterazione 30, Loss: 0.6931
2024-11-28T13:06:27.726454+0100 INFO Iterazione 40, Loss: 0.6931
2024-11-28T13:06:27.796578+0100 INFO Iterazione 50, Loss: 0.6931
2024-11-28T13:06:27.868499+0100 INFO Iterazione 60, Loss: 0.6931
2024-11-28T13:06:27.938941+0100 INFO Iterazione 70, Loss: 0.6931
2024-11-28T13:06:28.009266+0100 INFO Iterazione 80, Loss: 0.6931
2024-11-28T13:06:28.079602+0100 INFO Iterazione 90, Loss: 0.6931
2024-11-28T13:06:28.150098+0100 INFO Iterazione 100, Loss: 0.6931
2024-11-28T13:06:28.220608+0100 INFO Iterazione 110, Loss: 0.6931
2024-11-28T13:06:28.291137+0100 INFO Iterazione 120, Loss: 0.6931
2024-11-28T13:06:28.361600+0100 INFO Iterazione 130, Loss: 0.6931
2024-11-28T13:06:28.369754+0100 INFO Epoch 9/10 completed.
2024-11-28T13:06:28.370159+0100 INFO Epoch 10/10 started.
2024-11-28T13:06:28.378083+0100 INFO Iterazione 0, Loss: 0.6931
2024-11-28T13:06:28.448581+0100 INFO Iterazione 10, Loss: 0.6931
2024-11-28T13:06:28.518961+0100 INFO Iterazione 20, Loss: 0.6931
2024-11-28T13:06:28.589259+0100 INFO Iterazione 30, Loss: 0.6931
2024-11-28T13:06:28.660089+0100 INFO Iterazione 40, Loss: 0.6931
2024-11-28T13:06:28.730469+0100 INFO Iterazione 50, Loss: 0.6931
2024-11-28T13:06:28.800998+0100 INFO Iterazione 60, Loss: 0.6931
2024-11-28T13:06:28.871446+0100 INFO Iterazione 70, Loss: 0.6931
2024-11-28T13:06:28.941768+0100 INFO Iterazione 80, Loss: 0.6931
2024-11-28T13:06:29.012206+0100 INFO Iterazione 90, Loss: 0.6931
2024-11-28T13:06:29.082811+0100 INFO Iterazione 100, Loss: 0.6931
2024-11-28T13:06:29.153185+0100 INFO Iterazione 110, Loss: 0.6931
2024-11-28T13:06:29.224315+0100 INFO Iterazione 120, Loss: 0.6931
2024-11-28T13:06:29.294988+0100 INFO Iterazione 130, Loss: 0.6931
2024-11-28T13:06:29.303076+0100 INFO Epoch 10/10 completed.
2024-11-28T13:06:29.303489+0100 INFO Training completed.
2024-11-28T13:07:13.527024+0100 INFO Epoch 1/1 started.
2024-11-28T13:07:14.350898+0100 INFO Iterazione 0, Loss: 0.6931
2024-11-28T13:07:14.414193+0100 INFO Iterazione 10, Loss: 0.6931
2024-11-28T13:07:14.478964+0100 INFO Iterazione 20, Loss: 0.6931
2024-11-28T13:07:14.545807+0100 INFO Iterazione 30, Loss: 0.6931
2024-11-28T13:07:14.613490+0100 INFO Iterazione 40, Loss: 0.6931
2024-11-28T13:07:14.683313+0100 INFO Iterazione 50, Loss: 0.6931
2024-11-28T13:07:14.753451+0100 INFO Iterazione 60, Loss: 0.6931
2024-11-28T13:07:14.823884+0100 INFO Iterazione 70, Loss: 0.6931
2024-11-28T13:07:14.895635+0100 INFO Iterazione 80, Loss: 0.6931
2024-11-28T13:07:14.966626+0100 INFO Iterazione 90, Loss: 0.6931
2024-11-28T13:07:15.036859+0100 INFO Iterazione 100, Loss: 0.6931
2024-11-28T13:07:15.107940+0100 INFO Iterazione 110, Loss: 0.6931
2024-11-28T13:07:15.180429+0100 INFO Iterazione 120, Loss: 0.6931
2024-11-28T13:07:15.254293+0100 INFO Iterazione 130, Loss: 0.6931
2024-11-28T13:07:15.263420+0100 INFO Epoch 1/1 completed.
2024-11-28T13:07:15.263834+0100 INFO Training completed.
2024-11-28T13:08:07.936386+0100 INFO Epoch 1/1 started.
2024-11-28T13:08:08.723180+0100 INFO Iterazione 0, Loss: 0.6931
2024-11-28T13:08:08.782185+0100 INFO Iterazione 10, Loss: 0.6931
2024-11-28T13:08:08.847449+0100 INFO Iterazione 20, Loss: 0.6931
2024-11-28T13:08:08.916390+0100 INFO Iterazione 30, Loss: 0.6931
2024-11-28T13:08:08.984839+0100 INFO Iterazione 40, Loss: 0.6931
2024-11-28T13:08:09.053594+0100 INFO Iterazione 50, Loss: 0.6931
2024-11-28T13:08:09.123276+0100 INFO Iterazione 60, Loss: 0.6931
2024-11-28T13:08:09.192330+0100 INFO Iterazione 70, Loss: 0.6931
2024-11-28T13:08:09.262398+0100 INFO Iterazione 80, Loss: 0.6931
2024-11-28T13:08:09.332996+0100 INFO Iterazione 90, Loss: 0.6931
2024-11-28T13:08:09.403189+0100 INFO Iterazione 100, Loss: 0.6931
2024-11-28T13:08:09.472960+0100 INFO Iterazione 110, Loss: 0.6931
2024-11-28T13:08:09.544867+0100 INFO Iterazione 120, Loss: 0.6931
2024-11-28T13:08:09.615094+0100 INFO Iterazione 130, Loss: 0.6931
2024-11-28T13:08:09.623558+0100 INFO Epoch 1/1 completed.
2024-11-28T13:08:09.623959+0100 INFO Training completed.
2024-11-28T13:08:09.628536+0100 INFO Modulo 'basic_node_data_loader' caricato con successo.
2024-11-28T13:10:11.212346+0100 INFO Epoch 1/1 started.
2024-11-28T13:10:12.083763+0100 INFO Iterazione 0, Loss: 0.6931
2024-11-28T13:10:12.146277+0100 INFO Iterazione 10, Loss: 0.6931
2024-11-28T13:10:12.210737+0100 INFO Iterazione 20, Loss: 0.6931
2024-11-28T13:10:12.276829+0100 INFO Iterazione 30, Loss: 0.6931
2024-11-28T13:10:12.343669+0100 INFO Iterazione 40, Loss: 0.6931
2024-11-28T13:10:12.412304+0100 INFO Iterazione 50, Loss: 0.6931
2024-11-28T13:10:12.481287+0100 INFO Iterazione 60, Loss: 0.6931
2024-11-28T13:10:12.550750+0100 INFO Iterazione 70, Loss: 0.6931
2024-11-28T13:10:12.619886+0100 INFO Iterazione 80, Loss: 0.6931
2024-11-28T13:10:12.690310+0100 INFO Iterazione 90, Loss: 0.6931
2024-11-28T13:10:12.760001+0100 INFO Iterazione 100, Loss: 0.6931
2024-11-28T13:10:12.829633+0100 INFO Iterazione 110, Loss: 0.6931
2024-11-28T13:10:12.899568+0100 INFO Iterazione 120, Loss: 0.6931
2024-11-28T13:10:12.969284+0100 INFO Iterazione 130, Loss: 0.6931
2024-11-28T13:10:12.977743+0100 INFO Epoch 1/1 completed.
2024-11-28T13:10:12.978122+0100 INFO Training completed.
2024-11-28T13:10:12.980947+0100 INFO Modulo 'basic_node_data_loader' caricato con successo.
2024-11-28T13:10:47.552485+0100 INFO Epoch 1/1 started.
2024-11-28T13:10:48.531326+0100 INFO Iterazione 0, Loss: 0.6931
2024-11-28T13:10:48.597324+0100 INFO Iterazione 10, Loss: 0.6931
2024-11-28T13:10:48.665207+0100 INFO Iterazione 20, Loss: 0.6931
2024-11-28T13:10:48.734764+0100 INFO Iterazione 30, Loss: 0.6931
2024-11-28T13:10:48.806338+0100 INFO Iterazione 40, Loss: 0.6931
2024-11-28T13:10:48.877876+0100 INFO Iterazione 50, Loss: 0.6931
2024-11-28T13:10:48.950660+0100 INFO Iterazione 60, Loss: 0.6931
2024-11-28T13:10:49.023398+0100 INFO Iterazione 70, Loss: 0.6931
2024-11-28T13:10:49.095742+0100 INFO Iterazione 80, Loss: 0.6931
2024-11-28T13:10:49.168262+0100 INFO Iterazione 90, Loss: 0.6931
2024-11-28T13:10:49.240500+0100 INFO Iterazione 100, Loss: 0.6931
2024-11-28T13:10:49.312953+0100 INFO Iterazione 110, Loss: 0.6931
2024-11-28T13:10:49.385965+0100 INFO Iterazione 120, Loss: 0.6931
2024-11-28T13:10:49.460367+0100 INFO Iterazione 130, Loss: 0.6931
2024-11-28T13:10:49.469126+0100 INFO Epoch 1/1 completed.
2024-11-28T13:10:49.469524+0100 INFO Training completed.
2024-11-28T13:10:49.472410+0100 INFO Modulo 'basic_node_data_loader' caricato con successo.
2024-11-28T13:23:40.827842+0100 INFO Epoch 1/1 started.
2024-11-28T13:23:41.641650+0100 INFO Iterazione 0, Loss: 0.6931
2024-11-28T13:23:41.704170+0100 INFO Iterazione 10, Loss: 0.6931
2024-11-28T13:23:41.768383+0100 INFO Iterazione 20, Loss: 0.6931
2024-11-28T13:23:41.834940+0100 INFO Iterazione 30, Loss: 0.6931
2024-11-28T13:23:41.902768+0100 INFO Iterazione 40, Loss: 0.6931
2024-11-28T13:23:41.971959+0100 INFO Iterazione 50, Loss: 0.6931
2024-11-28T13:23:42.041725+0100 INFO Iterazione 60, Loss: 0.6931
2024-11-28T13:23:42.111833+0100 INFO Iterazione 70, Loss: 0.6931
2024-11-28T13:23:42.183760+0100 INFO Iterazione 80, Loss: 0.6931
2024-11-28T13:23:42.258091+0100 INFO Iterazione 90, Loss: 0.6931
2024-11-28T13:23:42.335166+0100 INFO Iterazione 100, Loss: 0.6931
2024-11-28T13:23:42.408691+0100 INFO Iterazione 110, Loss: 0.6931
2024-11-28T13:23:42.484520+0100 INFO Iterazione 120, Loss: 0.6931
2024-11-28T13:23:42.561228+0100 INFO Iterazione 130, Loss: 0.6931
2024-11-28T13:23:42.570244+0100 INFO Epoch 1/1 completed.
2024-11-28T13:23:42.570673+0100 INFO Training completed.
2024-11-28T13:24:03.530655+0100 INFO Epoch 1/1 started.
2024-11-28T13:24:04.352649+0100 INFO Iterazione 0, Loss: 0.6931
2024-11-28T13:24:04.414595+0100 INFO Iterazione 10, Loss: 0.6931
2024-11-28T13:24:04.478802+0100 INFO Iterazione 20, Loss: 0.6931
2024-11-28T13:24:04.544334+0100 INFO Iterazione 30, Loss: 0.6931
2024-11-28T13:24:04.611246+0100 INFO Iterazione 40, Loss: 0.6931
2024-11-28T13:24:04.678739+0100 INFO Iterazione 50, Loss: 0.6931
2024-11-28T13:24:04.746965+0100 INFO Iterazione 60, Loss: 0.6931
2024-11-28T13:24:04.815157+0100 INFO Iterazione 70, Loss: 0.6931
2024-11-28T13:24:04.884144+0100 INFO Iterazione 80, Loss: 0.6931
2024-11-28T13:24:04.953763+0100 INFO Iterazione 90, Loss: 0.6931
2024-11-28T13:24:05.023848+0100 INFO Iterazione 100, Loss: 0.6931
2024-11-28T13:24:05.093487+0100 INFO Iterazione 110, Loss: 0.6931
2024-11-28T13:24:05.163046+0100 INFO Iterazione 120, Loss: 0.6931
2024-11-28T13:24:05.233105+0100 INFO Iterazione 130, Loss: 0.6931
2024-11-28T13:24:05.241517+0100 INFO Epoch 1/1 completed.
2024-11-28T13:24:05.241911+0100 INFO Training completed.
